#
# There is insufficient memory for the Java Runtime Environment to continue.
# Native memory allocation (malloc) failed to allocate 985376 bytes for Chunk::new
# Possible reasons:
#   The system is out of physical RAM or swap space
#   The process is running with CompressedOops enabled, and the Java Heap may be blocking the growth of the native heap
# Possible solutions:
#   Reduce memory load on the system
#   Increase physical memory or swap space
#   Check if swap backing store is full
#   Decrease Java heap size (-Xmx/-Xms)
#   Decrease number of Java threads
#   Decrease Java thread stack sizes (-Xss)
#   Set larger code cache with -XX:ReservedCodeCacheSize=
#   JVM is running with Unscaled Compressed Oops mode in which the Java heap is
#     placed in the first 4GB address space. The Java Heap base address is the
#     maximum limit for the native heap growth. Please use -XX:HeapBaseMinAddress
#     to set the Java Heap base and to place the Java Heap above 4GB virtual address.
# This output file may be truncated or incomplete.
#
#  Out of Memory Error (arena.cpp:189), pid=6052, tid=11380
#
# JRE version: Java(TM) SE Runtime Environment (17.0.6+9) (build 17.0.6+9-LTS-190)
# Java VM: Java HotSpot(TM) 64-Bit Server VM (17.0.6+9-LTS-190, mixed mode, sharing, tiered, compressed oops, compressed class ptrs, g1 gc, windows-amd64)
# No core dump will be written. Minidumps are not enabled by default on client versions of Windows
#

---------------  S U M M A R Y ------------

Command Line: -ea -Dfile.encoding=UTF-8 -Dstdout.encoding=UTF-8 -Dstderr.encoding=UTF-8 -XX:+ShowCodeDetailsInExceptionMessages org.eclipse.jdt.internal.junit.runner.RemoteTestRunner -version 3 -port 2715 -testLoaderClass org.eclipse.jdt.internal.junit5.runner.JUnit5TestLoader -loaderpluginname org.eclipse.jdt.junit5.runtime -test org.jeskey.MapperTests:insert

Host: AMD Ryzen 5 1600 Six-Core Processor            , 12 cores, 7G,  Windows 10 , 64 bit Build 19041 (10.0.19041.3636)
Time: Wed Feb 14 21:05:14 2024  Windows 10 , 64 bit Build 19041 (10.0.19041.3636) elapsed time: 4.552040 seconds (0d 0h 0m 4s)

---------------  T H R E A D  ---------------

Current thread (0x0000013a56cbc670):  JavaThread "C2 CompilerThread2" daemon [_thread_in_native, id=11380, stack(0x0000002551700000,0x0000002551800000)]


Current CompileTask:
C2:   4555 4344       4       org.springframework.core.BridgeMethodResolver::resolveBridgeMethod (166 bytes)

Stack: [0x0000002551700000,0x0000002551800000]
Native frames: (J=compiled Java code, j=interpreted, Vv=VM code, C=native code)
V  [jvm.dll+0x6734ea]
V  [jvm.dll+0x7d18f4]
V  [jvm.dll+0x7d309e]
V  [jvm.dll+0x7d3703]
V  [jvm.dll+0x2433c5]
V  [jvm.dll+0xaa46b]
V  [jvm.dll+0xaaa0c]
V  [jvm.dll+0x2a8b1f]
V  [jvm.dll+0x57bf85]
V  [jvm.dll+0x21e142]
V  [jvm.dll+0x2178ef]
V  [jvm.dll+0x215109]
V  [jvm.dll+0x1a1730]
V  [jvm.dll+0x224b6e]
V  [jvm.dll+0x222f15]
V  [jvm.dll+0x78753c]
V  [jvm.dll+0x781a7a]
V  [jvm.dll+0x672375]
C  [ucrtbase.dll+0x21bb2]
C  [KERNEL32.DLL+0x17344]
C  [ntdll.dll+0x526b1]


---------------  P R O C E S S  ---------------

Threads class SMR info:
_java_thread_list=0x0000013a5b57b610, length=16, elements={
0x0000013a36a4ba00, 0x0000013a54fe1250, 0x0000013a54fe2e80, 0x0000013a54ff5f80,
0x0000013a54ff8850, 0x0000013a54ff9110, 0x0000013a550019e0, 0x0000013a55002680,
0x0000013a55006a10, 0x0000013a55038320, 0x0000013a55d2f720, 0x0000013a55d37230,
0x0000013a55d77760, 0x0000013a56418df0, 0x0000013a56cbc670, 0x0000013a56665d30
}

Java Threads: ( => current thread )
  0x0000013a36a4ba00 JavaThread "main" [_thread_in_native, id=10356, stack(0x000000254fe00000,0x000000254ff00000)]
  0x0000013a54fe1250 JavaThread "Reference Handler" daemon [_thread_blocked, id=2392, stack(0x0000002550500000,0x0000002550600000)]
  0x0000013a54fe2e80 JavaThread "Finalizer" daemon [_thread_blocked, id=12044, stack(0x0000002550600000,0x0000002550700000)]
  0x0000013a54ff5f80 JavaThread "Signal Dispatcher" daemon [_thread_blocked, id=14060, stack(0x0000002550700000,0x0000002550800000)]
  0x0000013a54ff8850 JavaThread "Attach Listener" daemon [_thread_blocked, id=4832, stack(0x0000002550800000,0x0000002550900000)]
  0x0000013a54ff9110 JavaThread "Service Thread" daemon [_thread_blocked, id=14236, stack(0x0000002550900000,0x0000002550a00000)]
  0x0000013a550019e0 JavaThread "Monitor Deflation Thread" daemon [_thread_blocked, id=11524, stack(0x0000002550a00000,0x0000002550b00000)]
  0x0000013a55002680 JavaThread "C2 CompilerThread0" daemon [_thread_in_native, id=5744, stack(0x0000002550b00000,0x0000002550c00000)]
  0x0000013a55006a10 JavaThread "C1 CompilerThread0" daemon [_thread_blocked, id=6412, stack(0x0000002550c00000,0x0000002550d00000)]
  0x0000013a55038320 JavaThread "Sweeper thread" daemon [_thread_blocked, id=12996, stack(0x0000002550d00000,0x0000002550e00000)]
  0x0000013a55d2f720 JavaThread "Notification Thread" daemon [_thread_blocked, id=14148, stack(0x0000002550e00000,0x0000002550f00000)]
  0x0000013a55d37230 JavaThread "Common-Cleaner" daemon [_thread_blocked, id=8584, stack(0x0000002551000000,0x0000002551100000)]
  0x0000013a55d77760 JavaThread "C2 CompilerThread1" daemon [_thread_in_native, id=276, stack(0x0000002551100000,0x0000002551200000)]
  0x0000013a56418df0 JavaThread "ReaderThread" [_thread_in_native, id=2116, stack(0x0000002551200000,0x0000002551300000)]
=>0x0000013a56cbc670 JavaThread "C2 CompilerThread2" daemon [_thread_in_native, id=11380, stack(0x0000002551700000,0x0000002551800000)]
  0x0000013a56665d30 JavaThread "mysql-cj-abandoned-connection-cleanup" daemon [_thread_blocked, id=13736, stack(0x0000002551c00000,0x0000002551d00000)]

Other Threads:
  0x0000013a54fda720 VMThread "VM Thread" [stack: 0x0000002550400000,0x0000002550500000] [id=11376]
  0x0000013a36ae38b0 WatcherThread [stack: 0x0000002550f00000,0x0000002551000000] [id=9416]
  0x0000013a36aa6010 GCTaskThread "GC Thread#0" [stack: 0x000000254ff00000,0x0000002550000000] [id=1608]
  0x0000013a56822ba0 GCTaskThread "GC Thread#1" [stack: 0x0000002551300000,0x0000002551400000] [id=6752]
  0x0000013a56822e50 GCTaskThread "GC Thread#2" [stack: 0x0000002551400000,0x0000002551500000] [id=1892]
  0x0000013a56823100 GCTaskThread "GC Thread#3" [stack: 0x0000002551500000,0x0000002551600000] [id=13784]
  0x0000013a566dbf20 GCTaskThread "GC Thread#4" [stack: 0x0000002551600000,0x0000002551700000] [id=11952]
  0x0000013a572a8460 GCTaskThread "GC Thread#5" [stack: 0x0000002551800000,0x0000002551900000] [id=4984]
  0x0000013a56c5ca90 GCTaskThread "GC Thread#6" [stack: 0x0000002551900000,0x0000002551a00000] [id=3284]
  0x0000013a56ba0cd0 GCTaskThread "GC Thread#7" [stack: 0x0000002551a00000,0x0000002551b00000] [id=13012]
  0x0000013a575ea190 GCTaskThread "GC Thread#8" [stack: 0x0000002551b00000,0x0000002551c00000] [id=12032]
  0x0000013a56dd0750 GCTaskThread "GC Thread#9" [stack: 0x0000002551d00000,0x0000002551e00000] [id=13952]
  0x0000013a36ab7cf0 ConcurrentGCThread "G1 Main Marker" [stack: 0x0000002550000000,0x0000002550100000] [id=2016]
  0x0000013a36ab8db0 ConcurrentGCThread "G1 Conc#0" [stack: 0x0000002550100000,0x0000002550200000] [id=6420]
  0x0000013a56dd01f0 ConcurrentGCThread "G1 Conc#1" [stack: 0x0000002551e00000,0x0000002551f00000] [id=13432]
  0x0000013a56dd0a00 ConcurrentGCThread "G1 Conc#2" [stack: 0x0000002551f00000,0x0000002552000000] [id=3840]
  0x0000013a36b0d630 ConcurrentGCThread "G1 Refine#0" [stack: 0x0000002550200000,0x0000002550300000] [id=5792]
  0x0000013a36b0df60 ConcurrentGCThread "G1 Service" [stack: 0x0000002550300000,0x0000002550400000] [id=12376]

Threads with active compile tasks:
C2 CompilerThread0     4584 4425   !   4       jdk.internal.loader.BuiltinClassLoader::loadClassOrNull (143 bytes)
C2 CompilerThread1     4584 4121       4       org.springframework.core.annotation.TypeMappedAnnotations::get (52 bytes)
C2 CompilerThread2     4584 4344       4       org.springframework.core.BridgeMethodResolver::resolveBridgeMethod (166 bytes)

VM state: not at safepoint (normal execution)

VM Mutex/Monitor currently owned by a thread: None

Heap address: 0x0000000080c00000, size: 2036 MB, Compressed Oops mode: 32-bit

CDS archive(s) mapped at: [0x0000000800000000-0x0000000800bd0000-0x0000000800bd0000), size 12386304, SharedBaseAddress: 0x0000000800000000, ArchiveRelocationMode: 0.
Compressed class space mapped at: 0x0000000800c00000-0x0000000840c00000, reserved size: 1073741824
Narrow klass base: 0x0000000800000000, Narrow klass shift: 0, Narrow klass range: 0x100000000

GC Precious Log:
 CPUs: 12 total, 12 available
 Memory: 8143M
 Large Page Support: Disabled
 NUMA Support: Disabled
 Compressed Oops: Enabled (32-bit)
 Heap Region Size: 1M
 Heap Min Capacity: 8M
 Heap Initial Capacity: 128M
 Heap Max Capacity: 2036M
 Pre-touch: Disabled
 Parallel Workers: 10
 Concurrent Workers: 3
 Concurrent Refinement Workers: 10
 Periodic GC: Disabled

Heap:
 garbage-first heap   total 63488K, used 34704K [0x0000000080c00000, 0x0000000100000000)
  region size 1024K, 18 young (18432K), 3 survivors (3072K)
 Metaspace       used 37627K, committed 38144K, reserved 1089536K
  class space    used 4907K, committed 5120K, reserved 1048576K

Heap Regions: E=young(eden), S=young(survivor), O=old, HS=humongous(starts), HC=humongous(continues), CS=collection set, F=free, OA=open archive, CA=closed archive, TAMS=top-at-mark-start (previous, next)
|   0|0x0000000080c00000, 0x0000000080d00000, 0x0000000080d00000|100%| O|  |TAMS 0x0000000080d00000, 0x0000000080c00000| Untracked 
|   1|0x0000000080d00000, 0x0000000080e00000, 0x0000000080e00000|100%| O|  |TAMS 0x0000000080e00000, 0x0000000080d00000| Untracked 
|   2|0x0000000080e00000, 0x0000000080f00000, 0x0000000080f00000|100%| O|  |TAMS 0x0000000080f00000, 0x0000000080e00000| Untracked 
|   3|0x0000000080f00000, 0x0000000081000000, 0x0000000081000000|100%| O|  |TAMS 0x0000000081000000, 0x0000000080f00000| Untracked 
|   4|0x0000000081000000, 0x0000000081100000, 0x0000000081100000|100%| O|  |TAMS 0x0000000081100000, 0x0000000081000000| Untracked 
|   5|0x0000000081100000, 0x0000000081200000, 0x0000000081200000|100%| O|  |TAMS 0x0000000081200000, 0x0000000081100000| Untracked 
|   6|0x0000000081200000, 0x0000000081300000, 0x0000000081300000|100%| O|  |TAMS 0x0000000081300000, 0x0000000081200000| Untracked 
|   7|0x0000000081300000, 0x0000000081400000, 0x0000000081400000|100%| O|  |TAMS 0x0000000081400000, 0x0000000081300000| Untracked 
|   8|0x0000000081400000, 0x0000000081500000, 0x0000000081500000|100%| O|  |TAMS 0x0000000081500000, 0x0000000081400000| Untracked 
|   9|0x0000000081500000, 0x0000000081600000, 0x0000000081600000|100%| O|  |TAMS 0x0000000081600000, 0x0000000081500000| Untracked 
|  10|0x0000000081600000, 0x0000000081700000, 0x0000000081700000|100%| O|  |TAMS 0x0000000081700000, 0x0000000081600000| Untracked 
|  11|0x0000000081700000, 0x0000000081800000, 0x0000000081800000|100%| O|  |TAMS 0x0000000081800000, 0x0000000081700000| Untracked 
|  12|0x0000000081800000, 0x0000000081900000, 0x0000000081900000|100%| O|  |TAMS 0x0000000081900000, 0x0000000081800000| Untracked 
|  13|0x0000000081900000, 0x0000000081a00000, 0x0000000081a00000|100%| O|  |TAMS 0x0000000081a00000, 0x0000000081900000| Untracked 
|  14|0x0000000081a00000, 0x0000000081b00000, 0x0000000081b00000|100%| O|  |TAMS 0x0000000081b00000, 0x0000000081a00000| Untracked 
|  15|0x0000000081b00000, 0x0000000081c00000, 0x0000000081c00000|100%| O|  |TAMS 0x0000000081c00000, 0x0000000081b00000| Untracked 
|  16|0x0000000081c00000, 0x0000000081d00000, 0x0000000081d00000|100%| O|  |TAMS 0x0000000081ccc200, 0x0000000081c00000| Untracked 
|  17|0x0000000081d00000, 0x0000000081dc1e00, 0x0000000081e00000| 75%| O|  |TAMS 0x0000000081d00000, 0x0000000081d00000| Untracked 
|  18|0x0000000081e00000, 0x0000000081e00000, 0x0000000081f00000|  0%| F|  |TAMS 0x0000000081e00000, 0x0000000081e00000| Untracked 
|  19|0x0000000081f00000, 0x0000000081f00000, 0x0000000082000000|  0%| F|  |TAMS 0x0000000081f00000, 0x0000000081f00000| Untracked 
|  20|0x0000000082000000, 0x0000000082000000, 0x0000000082100000|  0%| F|  |TAMS 0x0000000082000000, 0x0000000082000000| Untracked 
|  21|0x0000000082100000, 0x0000000082100000, 0x0000000082200000|  0%| F|  |TAMS 0x0000000082100000, 0x0000000082100000| Untracked 
|  22|0x0000000082200000, 0x0000000082200000, 0x0000000082300000|  0%| F|  |TAMS 0x0000000082200000, 0x0000000082200000| Untracked 
|  23|0x0000000082300000, 0x0000000082300000, 0x0000000082400000|  0%| F|  |TAMS 0x0000000082300000, 0x0000000082300000| Untracked 
|  24|0x0000000082400000, 0x0000000082400000, 0x0000000082500000|  0%| F|  |TAMS 0x0000000082400000, 0x0000000082400000| Untracked 
|  25|0x0000000082500000, 0x0000000082500000, 0x0000000082600000|  0%| F|  |TAMS 0x0000000082500000, 0x0000000082500000| Untracked 
|  26|0x0000000082600000, 0x0000000082600000, 0x0000000082700000|  0%| F|  |TAMS 0x0000000082600000, 0x0000000082600000| Untracked 
|  27|0x0000000082700000, 0x0000000082700000, 0x0000000082800000|  0%| F|  |TAMS 0x0000000082700000, 0x0000000082700000| Untracked 
|  28|0x0000000082800000, 0x0000000082800000, 0x0000000082900000|  0%| F|  |TAMS 0x0000000082800000, 0x0000000082800000| Untracked 
|  29|0x0000000082900000, 0x0000000082900000, 0x0000000082a00000|  0%| F|  |TAMS 0x0000000082900000, 0x0000000082900000| Untracked 
|  30|0x0000000082a00000, 0x0000000082a00000, 0x0000000082b00000|  0%| F|  |TAMS 0x0000000082a00000, 0x0000000082a00000| Untracked 
|  31|0x0000000082b00000, 0x0000000082b00000, 0x0000000082c00000|  0%| F|  |TAMS 0x0000000082b00000, 0x0000000082b00000| Untracked 
|  32|0x0000000082c00000, 0x0000000082c00000, 0x0000000082d00000|  0%| F|  |TAMS 0x0000000082c00000, 0x0000000082c00000| Untracked 
|  33|0x0000000082d00000, 0x0000000082d00000, 0x0000000082e00000|  0%| F|  |TAMS 0x0000000082d00000, 0x0000000082d00000| Untracked 
|  34|0x0000000082e00000, 0x0000000082e00000, 0x0000000082f00000|  0%| F|  |TAMS 0x0000000082e00000, 0x0000000082e00000| Untracked 
|  35|0x0000000082f00000, 0x0000000082f00000, 0x0000000083000000|  0%| F|  |TAMS 0x0000000082f00000, 0x0000000082f00000| Untracked 
|  36|0x0000000083000000, 0x0000000083000000, 0x0000000083100000|  0%| F|  |TAMS 0x0000000083000000, 0x0000000083000000| Untracked 
|  37|0x0000000083100000, 0x0000000083100000, 0x0000000083200000|  0%| F|  |TAMS 0x0000000083100000, 0x0000000083100000| Untracked 
|  38|0x0000000083200000, 0x0000000083200000, 0x0000000083300000|  0%| F|  |TAMS 0x0000000083200000, 0x0000000083200000| Untracked 
|  39|0x0000000083300000, 0x0000000083300000, 0x0000000083400000|  0%| F|  |TAMS 0x0000000083300000, 0x0000000083300000| Untracked 
|  40|0x0000000083400000, 0x0000000083400000, 0x0000000083500000|  0%| F|  |TAMS 0x0000000083400000, 0x0000000083400000| Untracked 
|  41|0x0000000083500000, 0x0000000083500000, 0x0000000083600000|  0%| F|  |TAMS 0x0000000083500000, 0x0000000083500000| Untracked 
|  42|0x0000000083600000, 0x0000000083600000, 0x0000000083700000|  0%| F|  |TAMS 0x0000000083600000, 0x0000000083600000| Untracked 
|  43|0x0000000083700000, 0x0000000083700000, 0x0000000083800000|  0%| F|  |TAMS 0x0000000083700000, 0x0000000083700000| Untracked 
|  44|0x0000000083800000, 0x0000000083880800, 0x0000000083900000| 50%| E|  |TAMS 0x0000000083800000, 0x0000000083800000| Complete 
|  45|0x0000000083900000, 0x0000000083a00000, 0x0000000083a00000|100%| E|CS|TAMS 0x0000000083900000, 0x0000000083900000| Complete 
|  46|0x0000000083a00000, 0x0000000083b00000, 0x0000000083b00000|100%| E|CS|TAMS 0x0000000083a00000, 0x0000000083a00000| Complete 
|  47|0x0000000083b00000, 0x0000000083c00000, 0x0000000083c00000|100%| E|CS|TAMS 0x0000000083b00000, 0x0000000083b00000| Complete 
|  48|0x0000000083c00000, 0x0000000083d00000, 0x0000000083d00000|100%| E|CS|TAMS 0x0000000083c00000, 0x0000000083c00000| Complete 
|  49|0x0000000083d00000, 0x0000000083e00000, 0x0000000083e00000|100%| E|CS|TAMS 0x0000000083d00000, 0x0000000083d00000| Complete 
|  50|0x0000000083e00000, 0x0000000083f00000, 0x0000000083f00000|100%| E|CS|TAMS 0x0000000083e00000, 0x0000000083e00000| Complete 
|  51|0x0000000083f00000, 0x0000000084000000, 0x0000000084000000|100%| E|CS|TAMS 0x0000000083f00000, 0x0000000083f00000| Complete 
|  52|0x0000000084000000, 0x0000000084100000, 0x0000000084100000|100%| E|CS|TAMS 0x0000000084000000, 0x0000000084000000| Complete 
|  53|0x0000000084100000, 0x0000000084200000, 0x0000000084200000|100%| E|CS|TAMS 0x0000000084100000, 0x0000000084100000| Complete 
|  54|0x0000000084200000, 0x0000000084300000, 0x0000000084300000|100%| E|CS|TAMS 0x0000000084200000, 0x0000000084200000| Complete 
|  78|0x0000000085a00000, 0x0000000085a22548, 0x0000000085b00000| 13%| S|CS|TAMS 0x0000000085a00000, 0x0000000085a00000| Complete 
|  79|0x0000000085b00000, 0x0000000085c00000, 0x0000000085c00000|100%| S|CS|TAMS 0x0000000085b00000, 0x0000000085b00000| Complete 
|  80|0x0000000085c00000, 0x0000000085d00000, 0x0000000085d00000|100%| S|CS|TAMS 0x0000000085c00000, 0x0000000085c00000| Complete 
|  81|0x0000000085d00000, 0x0000000085e00000, 0x0000000085e00000|100%| E|CS|TAMS 0x0000000085d00000, 0x0000000085d00000| Complete 
|  82|0x0000000085e00000, 0x0000000085f00000, 0x0000000085f00000|100%| E|CS|TAMS 0x0000000085e00000, 0x0000000085e00000| Complete 
|  83|0x0000000085f00000, 0x0000000086000000, 0x0000000086000000|100%| E|CS|TAMS 0x0000000085f00000, 0x0000000085f00000| Complete 
| 127|0x0000000088b00000, 0x0000000088c00000, 0x0000000088c00000|100%| E|CS|TAMS 0x0000000088b00000, 0x0000000088b00000| Complete 

Card table byte_map: [0x0000013a4dc10000,0x0000013a4e010000] _byte_map_base: 0x0000013a4d80a000

Marking Bits (Prev, Next): (CMBitMap*) 0x0000013a36aa7540, (CMBitMap*) 0x0000013a36aa7580
 Prev Bits: [0x0000013a4e410000, 0x0000013a503e0000)
 Next Bits: [0x0000013a503e0000, 0x0000013a523b0000)

Polling page: 0x0000013a34a50000

Metaspace:

Usage:
  Non-class:     31.95 MB used.
      Class:      4.79 MB used.
       Both:     36.75 MB used.

Virtual space:
  Non-class space:       40.00 MB reserved,      32.25 MB ( 81%) committed,  5 nodes.
      Class space:        1.00 GB reserved,       5.00 MB ( <1%) committed,  1 nodes.
             Both:        1.04 GB reserved,      37.25 MB (  4%) committed. 

Chunk freelists:
   Non-Class:  3.17 MB
       Class:  2.97 MB
        Both:  6.13 MB

MaxMetaspaceSize: unlimited
CompressedClassSpaceSize: 1.00 GB
Initial GC threshold: 21.00 MB
Current GC threshold: 58.69 MB
CDS: on
MetaspaceReclaimPolicy: balanced
 - commit_granule_bytes: 65536.
 - commit_granule_words: 8192.
 - virtual_space_node_default_size: 1048576.
 - enlarge_chunks_in_place: 1.
 - new_chunks_are_fully_committed: 0.
 - uncommit_free_chunks: 1.
 - use_allocation_guard: 0.
 - handle_deallocations: 1.


Internal statistics:

num_allocs_failed_limit: 6.
num_arena_births: 632.
num_arena_deaths: 0.
num_vsnodes_births: 6.
num_vsnodes_deaths: 0.
num_space_committed: 596.
num_space_uncommitted: 0.
num_chunks_returned_to_freelist: 6.
num_chunks_taken_from_freelist: 1944.
num_chunk_merges: 6.
num_chunk_splits: 1340.
num_chunks_enlarged: 971.
num_purges: 0.
num_inconsistent_stats: 0.

CodeHeap 'non-profiled nmethods': size=120000Kb used=2542Kb max_used=2542Kb free=117457Kb
 bounds [0x0000013a45d90000, 0x0000013a46010000, 0x0000013a4d2c0000]
CodeHeap 'profiled nmethods': size=120000Kb used=9381Kb max_used=9381Kb free=110618Kb
 bounds [0x0000013a3e2c0000, 0x0000013a3ebf0000, 0x0000013a457f0000]
CodeHeap 'non-nmethods': size=5760Kb used=1585Kb max_used=1661Kb free=4174Kb
 bounds [0x0000013a457f0000, 0x0000013a45a60000, 0x0000013a45d90000]
 total_blobs=5069 nmethods=4422 adapters=559
 compilation: enabled
              stopped_count=0, restarted_count=0
 full_count=0

Compilation events (20 events):
Event: 4.355 Thread 0x0000013a55002680 nmethod 4091 0x0000013a45ff5690 code [0x0000013a45ff60a0, 0x0000013a460014d8]
Event: 4.356 Thread 0x0000013a55002680 4425   !   4       jdk.internal.loader.BuiltinClassLoader::loadClassOrNull (143 bytes)
Event: 4.359 Thread 0x0000013a55006a10 4426       3       jdk.internal.reflect.DelegatingMethodAccessorImpl::invoke (10 bytes)
Event: 4.359 Thread 0x0000013a55006a10 nmethod 4426 0x0000013a3ebe5310 code [0x0000013a3ebe54c0, 0x0000013a3ebe5688]
Event: 4.365 Thread 0x0000013a56cbc670 nmethod 4119 0x0000013a46008290 code [0x0000013a46008480, 0x0000013a46008a10]
Event: 4.365 Thread 0x0000013a56cbc670 4120       4       org.springframework.core.annotation.TypeMappedAnnotations::from (27 bytes)
Event: 4.369 Thread 0x0000013a55006a10 4428       3       java.net.URI$Parser::<init> (30 bytes)
Event: 4.370 Thread 0x0000013a55006a10 nmethod 4428 0x0000013a3ebe5790 code [0x0000013a3ebe5940, 0x0000013a3ebe5bd8]
Event: 4.370 Thread 0x0000013a55006a10 4429       3       java.net.URI$Parser::parse (243 bytes)
Event: 4.372 Thread 0x0000013a55006a10 nmethod 4429 0x0000013a3ebe5d10 code [0x0000013a3ebe61a0, 0x0000013a3ebe7f58]
Event: 4.377 Thread 0x0000013a56cbc670 nmethod 4120 0x0000013a46009090 code [0x0000013a46009260, 0x0000013a460096f0]
Event: 4.377 Thread 0x0000013a56cbc670 4186       4       org.springframework.core.annotation.AnnotationsScanner::isKnownEmpty (63 bytes)
Event: 4.378 Thread 0x0000013a55006a10 4432       3       java.lang.invoke.MethodHandles$Lookup$ClassFile::newInstanceNoCheck (11 bytes)
Event: 4.379 Thread 0x0000013a55006a10 nmethod 4432 0x0000013a3ebe8a90 code [0x0000013a3ebe8c40, 0x0000013a3ebe8ef8]
Event: 4.379 Thread 0x0000013a55006a10 4433       3       jdk.internal.misc.Unsafe::ensureClassInitialized (18 bytes)
Event: 4.379 Thread 0x0000013a55006a10 nmethod 4433 0x0000013a3ebe9010 code [0x0000013a3ebe91c0, 0x0000013a3ebe93f8]
Event: 4.391 Thread 0x0000013a56cbc670 nmethod 4186 0x0000013a4600a210 code [0x0000013a4600a3e0, 0x0000013a4600a7d0]
Event: 4.391 Thread 0x0000013a56cbc670 4200       4       org.springframework.core.annotation.MergedAnnotations::from (11 bytes)
Event: 4.404 Thread 0x0000013a56cbc670 nmethod 4200 0x0000013a4600ac10 code [0x0000013a4600ae00, 0x0000013a4600b370]
Event: 4.404 Thread 0x0000013a56cbc670 4344       4       org.springframework.core.BridgeMethodResolver::resolveBridgeMethod (166 bytes)

GC Heap History (20 events):
Event: 0.619 GC heap before
{Heap before GC invocations=0 (full 0):
 garbage-first heap   total 131072K, used 23552K [0x0000000080c00000, 0x0000000100000000)
  region size 1024K, 23 young (23552K), 0 survivors (0K)
 Metaspace       used 5022K, committed 5184K, reserved 1056768K
  class space    used 633K, committed 704K, reserved 1048576K
}
Event: 0.625 GC heap after
{Heap after GC invocations=1 (full 0):
 garbage-first heap   total 131072K, used 6144K [0x0000000080c00000, 0x0000000100000000)
  region size 1024K, 3 young (3072K), 3 survivors (3072K)
 Metaspace       used 5022K, committed 5184K, reserved 1056768K
  class space    used 633K, committed 704K, reserved 1048576K
}
Event: 1.244 GC heap before
{Heap before GC invocations=1 (full 0):
 garbage-first heap   total 131072K, used 34816K [0x0000000080c00000, 0x0000000100000000)
  region size 1024K, 31 young (31744K), 3 survivors (3072K)
 Metaspace       used 12099K, committed 12352K, reserved 1064960K
  class space    used 1608K, committed 1728K, reserved 1048576K
}
Event: 1.250 GC heap after
{Heap after GC invocations=2 (full 0):
 garbage-first heap   total 131072K, used 8580K [0x0000000080c00000, 0x0000000100000000)
  region size 1024K, 3 young (3072K), 3 survivors (3072K)
 Metaspace       used 12099K, committed 12352K, reserved 1064960K
  class space    used 1608K, committed 1728K, reserved 1048576K
}
Event: 1.696 GC heap before
{Heap before GC invocations=2 (full 0):
 garbage-first heap   total 131072K, used 48516K [0x0000000080c00000, 0x0000000100000000)
  region size 1024K, 44 young (45056K), 3 survivors (3072K)
 Metaspace       used 21203K, committed 21504K, reserved 1073152K
  class space    used 2680K, committed 2816K, reserved 1048576K
}
Event: 1.704 GC heap after
{Heap after GC invocations=3 (full 0):
 garbage-first heap   total 131072K, used 11994K [0x0000000080c00000, 0x0000000100000000)
  region size 1024K, 6 young (6144K), 6 survivors (6144K)
 Metaspace       used 21203K, committed 21504K, reserved 1073152K
  class space    used 2680K, committed 2816K, reserved 1048576K
}
Event: 2.048 GC heap before
{Heap before GC invocations=4 (full 0):
 garbage-first heap   total 45056K, used 32474K [0x0000000080c00000, 0x0000000100000000)
  region size 1024K, 26 young (26624K), 6 survivors (6144K)
 Metaspace       used 24279K, committed 24640K, reserved 1073152K
  class space    used 3108K, committed 3264K, reserved 1048576K
}
Event: 2.058 GC heap after
{Heap after GC invocations=5 (full 0):
 garbage-first heap   total 45056K, used 14716K [0x0000000080c00000, 0x0000000100000000)
  region size 1024K, 3 young (3072K), 3 survivors (3072K)
 Metaspace       used 24279K, committed 24640K, reserved 1073152K
  class space    used 3108K, committed 3264K, reserved 1048576K
}
Event: 2.085 GC heap before
{Heap before GC invocations=5 (full 0):
 garbage-first heap   total 45056K, used 15740K [0x0000000080c00000, 0x0000000100000000)
  region size 1024K, 4 young (4096K), 3 survivors (3072K)
 Metaspace       used 24353K, committed 24640K, reserved 1073152K
  class space    used 3120K, committed 3264K, reserved 1048576K
}
Event: 2.088 GC heap after
{Heap after GC invocations=6 (full 0):
 garbage-first heap   total 45056K, used 14967K [0x0000000080c00000, 0x0000000100000000)
  region size 1024K, 1 young (1024K), 1 survivors (1024K)
 Metaspace       used 24353K, committed 24640K, reserved 1073152K
  class space    used 3120K, committed 3264K, reserved 1048576K
}
Event: 2.413 GC heap before
{Heap before GC invocations=6 (full 0):
 garbage-first heap   total 45056K, used 32375K [0x0000000080c00000, 0x0000000100000000)
  region size 1024K, 18 young (18432K), 1 survivors (1024K)
 Metaspace       used 26152K, committed 26496K, reserved 1073152K
  class space    used 3339K, committed 3520K, reserved 1048576K
}
Event: 2.416 GC heap after
{Heap after GC invocations=7 (full 0):
 garbage-first heap   total 45056K, used 15741K [0x0000000080c00000, 0x0000000100000000)
  region size 1024K, 2 young (2048K), 2 survivors (2048K)
 Metaspace       used 26152K, committed 26496K, reserved 1073152K
  class space    used 3339K, committed 3520K, reserved 1048576K
}
Event: 2.940 GC heap before
{Heap before GC invocations=7 (full 0):
 garbage-first heap   total 45056K, used 33149K [0x0000000080c00000, 0x0000000100000000)
  region size 1024K, 19 young (19456K), 2 survivors (2048K)
 Metaspace       used 28757K, committed 29184K, reserved 1081344K
  class space    used 3732K, committed 3904K, reserved 1048576K
}
Event: 2.944 GC heap after
{Heap after GC invocations=8 (full 0):
 garbage-first heap   total 45056K, used 17268K [0x0000000080c00000, 0x0000000100000000)
  region size 1024K, 3 young (3072K), 3 survivors (3072K)
 Metaspace       used 28757K, committed 29184K, reserved 1081344K
  class space    used 3732K, committed 3904K, reserved 1048576K
}
Event: 3.331 GC heap before
{Heap before GC invocations=8 (full 0):
 garbage-first heap   total 45056K, used 32628K [0x0000000080c00000, 0x0000000100000000)
  region size 1024K, 19 young (19456K), 3 survivors (3072K)
 Metaspace       used 33058K, committed 33408K, reserved 1081344K
  class space    used 4257K, committed 4416K, reserved 1048576K
}
Event: 3.337 GC heap after
{Heap after GC invocations=9 (full 0):
 garbage-first heap   total 45056K, used 18467K [0x0000000080c00000, 0x0000000100000000)
  region size 1024K, 2 young (2048K), 2 survivors (2048K)
 Metaspace       used 33058K, committed 33408K, reserved 1081344K
  class space    used 4257K, committed 4416K, reserved 1048576K
}
Event: 3.807 GC heap before
{Heap before GC invocations=9 (full 0):
 garbage-first heap   total 45056K, used 33827K [0x0000000080c00000, 0x0000000100000000)
  region size 1024K, 17 young (17408K), 2 survivors (2048K)
 Metaspace       used 34892K, committed 35264K, reserved 1081344K
  class space    used 4511K, committed 4672K, reserved 1048576K
}
Event: 3.811 GC heap after
{Heap after GC invocations=10 (full 0):
 garbage-first heap   total 63488K, used 19968K [0x0000000080c00000, 0x0000000100000000)
  region size 1024K, 3 young (3072K), 3 survivors (3072K)
 Metaspace       used 34892K, committed 35264K, reserved 1081344K
  class space    used 4511K, committed 4672K, reserved 1048576K
}
Event: 3.907 GC heap before
{Heap before GC invocations=10 (full 0):
 garbage-first heap   total 63488K, used 23040K [0x0000000080c00000, 0x0000000100000000)
  region size 1024K, 7 young (7168K), 3 survivors (3072K)
 Metaspace       used 35541K, committed 35968K, reserved 1081344K
  class space    used 4608K, committed 4864K, reserved 1048576K
}
Event: 3.912 GC heap after
{Heap after GC invocations=11 (full 0):
 garbage-first heap   total 63488K, used 20368K [0x0000000080c00000, 0x0000000100000000)
  region size 1024K, 3 young (3072K), 3 survivors (3072K)
 Metaspace       used 35541K, committed 35968K, reserved 1081344K
  class space    used 4608K, committed 4864K, reserved 1048576K
}

Deoptimization events (20 events):
Event: 4.206 Thread 0x0000013a36a4ba00 Uncommon trap: trap_request=0xffffff45 fr.pc=0x0000013a45f2f1e4 relative=0x0000000000000064
Event: 4.206 Thread 0x0000013a36a4ba00 Uncommon trap: reason=unstable_if action=reinterpret pc=0x0000013a45f2f1e4 method=org.springframework.beans.factory.support.AbstractBeanDefinition.isLazyInit()Z @ 14 c2
Event: 4.206 Thread 0x0000013a36a4ba00 DEOPT PACKING pc=0x0000013a45f2f1e4 sp=0x000000254fefc450
Event: 4.206 Thread 0x0000013a36a4ba00 DEOPT UNPACKING pc=0x0000013a458423a3 sp=0x000000254fefc3e0 mode 2
Event: 4.209 Thread 0x0000013a36a4ba00 Uncommon trap: trap_request=0xffffff45 fr.pc=0x0000013a45fbfcf4 relative=0x0000000000003c54
Event: 4.209 Thread 0x0000013a36a4ba00 Uncommon trap: reason=unstable_if action=reinterpret pc=0x0000013a45fbfcf4 method=org.springframework.util.ReflectionUtils.doWithMethods(Ljava/lang/Class;Lorg/springframework/util/ReflectionUtils$MethodCallback;Lorg/springframework/util/ReflectionUtils$Me
Event: 4.209 Thread 0x0000013a36a4ba00 DEOPT PACKING pc=0x0000013a45fbfcf4 sp=0x000000254fefc160
Event: 4.209 Thread 0x0000013a36a4ba00 DEOPT UNPACKING pc=0x0000013a458423a3 sp=0x000000254fefc198 mode 2
Event: 4.221 Thread 0x0000013a36a4ba00 Uncommon trap: trap_request=0xffffff45 fr.pc=0x0000013a45e429e0 relative=0x0000000000000060
Event: 4.221 Thread 0x0000013a36a4ba00 Uncommon trap: reason=unstable_if action=reinterpret pc=0x0000013a45e429e0 method=org.springframework.util.ConcurrentReferenceHashMap$Segment.clear()V @ 7 c2
Event: 4.221 Thread 0x0000013a36a4ba00 DEOPT PACKING pc=0x0000013a45e429e0 sp=0x000000254fefc3f0
Event: 4.221 Thread 0x0000013a36a4ba00 DEOPT UNPACKING pc=0x0000013a458423a3 sp=0x000000254fefc380 mode 2
Event: 4.366 Thread 0x0000013a36a4ba00 Uncommon trap: trap_request=0xffffffde fr.pc=0x0000013a45e86328 relative=0x0000000000001388
Event: 4.366 Thread 0x0000013a36a4ba00 Uncommon trap: reason=class_check action=maybe_recompile pc=0x0000013a45e86328 method=java.util.zip.InflaterInputStream.read([BII)I @ 100 c2
Event: 4.366 Thread 0x0000013a36a4ba00 DEOPT PACKING pc=0x0000013a45e86328 sp=0x000000254fef9c00
Event: 4.366 Thread 0x0000013a36a4ba00 DEOPT UNPACKING pc=0x0000013a458423a3 sp=0x000000254fef9c50 mode 2
Event: 4.366 Thread 0x0000013a36a4ba00 Uncommon trap: trap_request=0xffffffde fr.pc=0x0000013a45e86328 relative=0x0000000000001388
Event: 4.366 Thread 0x0000013a36a4ba00 Uncommon trap: reason=class_check action=maybe_recompile pc=0x0000013a45e86328 method=java.util.zip.InflaterInputStream.read([BII)I @ 100 c2
Event: 4.366 Thread 0x0000013a36a4ba00 DEOPT PACKING pc=0x0000013a45e86328 sp=0x000000254fef9c00
Event: 4.366 Thread 0x0000013a36a4ba00 DEOPT UNPACKING pc=0x0000013a458423a3 sp=0x000000254fef9c50 mode 2

Classes unloaded (0 events):
No events

Classes redefined (0 events):
No events

Internal exceptions (20 events):
Event: 4.038 Thread 0x0000013a36a4ba00 Exception <a 'java/lang/NoSuchMethodError'{0x00000000842823d0}: 'java.lang.Object java.lang.invoke.DirectMethodHandle$Holder.invokeStaticInit(java.lang.Object, java.lang.Object, java.lang.Object, java.lang.Object, java.lang.Object)'> (0x00000000842823d0) 
thrown [s\open\src\hotspot\share\interpreter\linkResolver.cpp, line 759]
Event: 4.038 Thread 0x0000013a36a4ba00 Exception <a 'java/lang/IncompatibleClassChangeError'{0x00000000842866e0}: Found class java.lang.Object, but interface was expected> (0x00000000842866e0) 
thrown [s\open\src\hotspot\share\interpreter\linkResolver.cpp, line 826]
Event: 4.038 Thread 0x0000013a36a4ba00 Exception <a 'java/lang/NoSuchMethodError'{0x0000000084287e38}: 'java.lang.Object java.lang.invoke.DirectMethodHandle$Holder.invokeStaticInit(java.lang.Object, java.lang.Object, java.lang.Object, java.lang.Object)'> (0x0000000084287e38) 
thrown [s\open\src\hotspot\share\interpreter\linkResolver.cpp, line 759]
Event: 4.042 Thread 0x0000013a36a4ba00 Exception <a 'java/lang/IncompatibleClassChangeError'{0x00000000842b24b0}: Found class java.lang.Object, but interface was expected> (0x00000000842b24b0) 
thrown [s\open\src\hotspot\share\interpreter\linkResolver.cpp, line 826]
Event: 4.043 Thread 0x0000013a36a4ba00 Exception <a 'java/lang/NoSuchMethodError'{0x00000000842b3b78}: 'java.lang.Object java.lang.invoke.DirectMethodHandle$Holder.invokeStatic(java.lang.Object, java.lang.Object, int, java.lang.Object)'> (0x00000000842b3b78) 
thrown [s\open\src\hotspot\share\interpreter\linkResolver.cpp, line 759]
Event: 4.053 Thread 0x0000013a36a4ba00 Exception <a 'java/lang/NoSuchMethodError'{0x000000008410bfb0}: 'java.lang.Object java.lang.invoke.Invokers$Holder.invokeExact_MT(java.lang.Object, java.lang.Object, java.lang.Object)'> (0x000000008410bfb0) 
thrown [s\open\src\hotspot\share\interpreter\linkResolver.cpp, line 759]
Event: 4.060 Thread 0x0000013a36a4ba00 Exception <a 'java/lang/ClassNotFoundException'{0x0000000084131d48}: nz/net/ultraq/thymeleaf/layoutdialect/LayoutDialectBeanInfo> (0x0000000084131d48) 
thrown [s\open\src\hotspot\share\classfile\systemDictionary.cpp, line 256]
Event: 4.061 Thread 0x0000013a36a4ba00 Exception <a 'java/lang/ClassNotFoundException'{0x000000008413b340}: org/thymeleaf/dialect/AbstractProcessorDialectBeanInfo> (0x000000008413b340) 
thrown [s\open\src\hotspot\share\classfile\systemDictionary.cpp, line 256]
Event: 4.062 Thread 0x0000013a36a4ba00 Exception <a 'java/lang/ClassNotFoundException'{0x0000000084144550}: org/thymeleaf/dialect/AbstractDialectBeanInfo> (0x0000000084144550) 
thrown [s\open\src\hotspot\share\classfile\systemDictionary.cpp, line 256]
Event: 4.063 Thread 0x0000013a36a4ba00 Exception <a 'java/lang/ClassNotFoundException'{0x000000008414db60}: org/thymeleaf/dialect/AbstractDialectCustomizer> (0x000000008414db60) 
thrown [s\open\src\hotspot\share\classfile\systemDictionary.cpp, line 256]
Event: 4.066 Thread 0x0000013a36a4ba00 Exception <a 'java/lang/ClassNotFoundException'{0x0000000084159288}: org/thymeleaf/dialect/AbstractProcessorDialectCustomizer> (0x0000000084159288) 
thrown [s\open\src\hotspot\share\classfile\systemDictionary.cpp, line 256]
Event: 4.068 Thread 0x0000013a36a4ba00 Exception <a 'java/lang/ClassNotFoundException'{0x0000000084165c38}: nz/net/ultraq/thymeleaf/layoutdialect/LayoutDialectCustomizer> (0x0000000084165c38) 
thrown [s\open\src\hotspot\share\classfile\systemDictionary.cpp, line 256]
Event: 4.187 Thread 0x0000013a36a4ba00 Exception <a 'java/lang/IncompatibleClassChangeError'{0x0000000083dfa578}: Found class java.lang.Object, but interface was expected> (0x0000000083dfa578) 
thrown [s\open\src\hotspot\share\interpreter\linkResolver.cpp, line 826]
Event: 4.225 Thread 0x0000013a36a4ba00 Exception <a 'java/lang/NoSuchMethodError'{0x0000000083b026c8}: 'java.lang.Object java.lang.invoke.DirectMethodHandle$Holder.newInvokeSpecial(java.lang.Object, java.lang.Object, int, java.lang.Object, java.lang.Object)'> (0x0000000083b026c8) 
thrown [s\open\src\hotspot\share\interpreter\linkResolver.cpp, line 759]
Event: 4.227 Thread 0x0000013a36a4ba00 Exception <a 'java/lang/NoSuchMethodError'{0x0000000083b0dfb8}: 'java.lang.Object java.lang.invoke.DirectMethodHandle$Holder.invokeSpecial(java.lang.Object, java.lang.Object, int, java.lang.Object, int, java.lang.Object)'> (0x0000000083b0dfb8) 
thrown [s\open\src\hotspot\share\interpreter\linkResolver.cpp, line 759]
Event: 4.227 Thread 0x0000013a36a4ba00 Exception <a 'java/lang/NoSuchMethodError'{0x0000000083b165b8}: 'java.lang.Object java.lang.invoke.DirectMethodHandle$Holder.newInvokeSpecial(java.lang.Object, java.lang.Object, int, java.lang.Object, int)'> (0x0000000083b165b8) 
thrown [s\open\src\hotspot\share\interpreter\linkResolver.cpp, line 759]
Event: 4.227 Thread 0x0000013a36a4ba00 Exception <a 'java/lang/NoSuchMethodError'{0x0000000083b1ac08}: 'java.lang.Object java.lang.invoke.DirectMethodHandle$Holder.invokeSpecial(java.lang.Object, java.lang.Object, java.lang.Object, int, java.lang.Object, int)'> (0x0000000083b1ac08) 
thrown [s\open\src\hotspot\share\interpreter\linkResolver.cpp, line 759]
Event: 4.360 Thread 0x0000013a36a4ba00 Exception <a 'java/lang/reflect/InvocationTargetException'{0x00000000839f14d8}> (0x00000000839f14d8) 
thrown [s\open\src\hotspot\share\runtime\reflection.cpp, line 1121]
Event: 4.377 Thread 0x0000013a36a4ba00 Exception <a 'java/lang/NoSuchMethodError'{0x0000000083814f88}: 'void java.lang.invoke.DirectMethodHandle$Holder.invokeStatic(java.lang.Object, long)'> (0x0000000083814f88) 
thrown [s\open\src\hotspot\share\interpreter\linkResolver.cpp, line 759]
Event: 4.378 Thread 0x0000013a36a4ba00 Exception <a 'java/lang/NoSuchMethodError'{0x000000008381a948}: 'java.lang.Object java.lang.invoke.DirectMethodHandle$Holder.newInvokeSpecial(java.lang.Object, long)'> (0x000000008381a948) 
thrown [s\open\src\hotspot\share\interpreter\linkResolver.cpp, line 759]

VM Operations (20 events):
Event: 3.617 Executing VM operation: HandshakeAllThreads
Event: 3.617 Executing VM operation: HandshakeAllThreads done
Event: 3.664 Executing VM operation: HandshakeAllThreads
Event: 3.665 Executing VM operation: HandshakeAllThreads done
Event: 3.690 Executing VM operation: ICBufferFull
Event: 3.691 Executing VM operation: ICBufferFull done
Event: 3.807 Executing VM operation: G1CollectForAllocation
Event: 3.811 Executing VM operation: G1CollectForAllocation done
Event: 3.880 Executing VM operation: HandshakeAllThreads
Event: 3.880 Executing VM operation: HandshakeAllThreads done
Event: 3.907 Executing VM operation: CollectForMetadataAllocation
Event: 3.912 Executing VM operation: CollectForMetadataAllocation done
Event: 3.930 Executing VM operation: G1Concurrent
Event: 3.934 Executing VM operation: G1Concurrent done
Event: 3.940 Executing VM operation: G1Concurrent
Event: 3.941 Executing VM operation: G1Concurrent done
Event: 4.005 Executing VM operation: HandshakeAllThreads
Event: 4.005 Executing VM operation: HandshakeAllThreads done
Event: 4.380 Executing VM operation: HandshakeAllThreads
Event: 4.380 Executing VM operation: HandshakeAllThreads done

Events (20 events):
Event: 4.363 loading class java/util/jar/JarInputStream
Event: 4.363 loading class java/util/zip/ZipInputStream
Event: 4.364 loading class java/util/zip/ZipInputStream done
Event: 4.364 loading class java/util/jar/JarInputStream done
Event: 4.365 loading class java/io/PushbackInputStream
Event: 4.365 loading class java/io/PushbackInputStream done
Event: 4.366 loading class sun/security/util/ManifestEntryVerifier
Event: 4.367 loading class sun/security/util/ManifestEntryVerifier done
Event: 4.370 loading class java/lang/ProcessBuilder
Event: 4.370 loading class java/lang/ProcessBuilder done
Event: 4.371 loading class java/lang/ProcessImpl
Event: 4.371 loading class java/lang/ProcessImpl done
Event: 4.379 loading class java/lang/ProcessImpl$2
Event: 4.379 loading class java/lang/ProcessImpl$2 done
Event: 4.379 loading class java/lang/Process$PipeInputStream
Event: 4.379 loading class java/lang/Process$PipeInputStream done
Event: 4.381 loading class jdk/internal/event/ProcessStartEvent
Event: 4.381 loading class jdk/internal/event/Event
Event: 4.381 loading class jdk/internal/event/Event done
Event: 4.381 loading class jdk/internal/event/ProcessStartEvent done


Dynamic libraries:
0x00007ff61fae0000 - 0x00007ff61faf0000 	W:\Program Files\jdk-17.0.6\bin\javaw.exe
0x00007ffce6730000 - 0x00007ffce6928000 	C:\Windows\SYSTEM32\ntdll.dll
0x00007ffce5120000 - 0x00007ffce51dd000 	C:\Windows\System32\KERNEL32.DLL
0x00007ffce3f70000 - 0x00007ffce4266000 	C:\Windows\System32\KERNELBASE.dll
0x00007ffce3e70000 - 0x00007ffce3f70000 	C:\Windows\System32\ucrtbase.dll
0x00007ffcd14f0000 - 0x00007ffcd1508000 	W:\Program Files\jdk-17.0.6\bin\jli.dll
0x00007ffcc2240000 - 0x00007ffcc225b000 	W:\Program Files\jdk-17.0.6\bin\VCRUNTIME140.dll
0x00007ffce5510000 - 0x00007ffce55c3000 	C:\Windows\System32\ADVAPI32.dll
0x00007ffce5e40000 - 0x00007ffce5ede000 	C:\Windows\System32\msvcrt.dll
0x00007ffce5470000 - 0x00007ffce550f000 	C:\Windows\System32\sechost.dll
0x00007ffce4fe0000 - 0x00007ffce5106000 	C:\Windows\System32\RPCRT4.dll
0x00007ffce4320000 - 0x00007ffce4347000 	C:\Windows\System32\bcrypt.dll
0x00007ffce51e0000 - 0x00007ffce537e000 	C:\Windows\System32\USER32.dll
0x00007ffce4560000 - 0x00007ffce4582000 	C:\Windows\System32\win32u.dll
0x00007ffcd2bc0000 - 0x00007ffcd2e5a000 	C:\Windows\WinSxS\amd64_microsoft.windows.common-controls_6595b64144ccf1df_6.0.19041.3636_none_60b6a03d71f818d5\COMCTL32.dll
0x00007ffce64a0000 - 0x00007ffce64cc000 	C:\Windows\System32\GDI32.dll
0x00007ffce4440000 - 0x00007ffce455a000 	C:\Windows\System32\gdi32full.dll
0x00007ffce4350000 - 0x00007ffce43ed000 	C:\Windows\System32\msvcp_win.dll
0x00007ffcde1c0000 - 0x00007ffcde1ca000 	C:\Windows\SYSTEM32\VERSION.dll
0x00007ffce66a0000 - 0x00007ffce66d0000 	C:\Windows\System32\IMM32.DLL
0x00007ffcd0020000 - 0x00007ffcd002c000 	W:\Program Files\jdk-17.0.6\bin\vcruntime140_1.dll
0x00007ffcd0030000 - 0x00007ffcd00be000 	W:\Program Files\jdk-17.0.6\bin\msvcp140.dll
0x00007ffc788c0000 - 0x00007ffc79497000 	W:\Program Files\jdk-17.0.6\bin\server\jvm.dll
0x00007ffce5110000 - 0x00007ffce5118000 	C:\Windows\System32\PSAPI.DLL
0x00007ffcdad20000 - 0x00007ffcdad47000 	C:\Windows\SYSTEM32\WINMM.dll
0x00007ffc9a330000 - 0x00007ffc9a339000 	C:\Windows\SYSTEM32\WSOCK32.dll
0x00007ffce5680000 - 0x00007ffce56eb000 	C:\Windows\System32\WS2_32.dll
0x00007ffce1cc0000 - 0x00007ffce1cd2000 	C:\Windows\SYSTEM32\kernel.appcore.dll
0x00007ffcd0010000 - 0x00007ffcd001a000 	W:\Program Files\jdk-17.0.6\bin\jimage.dll
0x00007ffcced50000 - 0x00007ffccef34000 	C:\Windows\SYSTEM32\DBGHELP.DLL
0x00007ffcce2e0000 - 0x00007ffcce314000 	C:\Windows\SYSTEM32\dbgcore.DLL
0x00007ffce4590000 - 0x00007ffce4612000 	C:\Windows\System32\bcryptPrimitives.dll
0x00007ffcc2210000 - 0x00007ffcc2235000 	W:\Program Files\jdk-17.0.6\bin\java.dll
0x00007ffcc18a0000 - 0x00007ffcc1977000 	W:\Program Files\jdk-17.0.6\bin\jsvml.dll
0x00007ffce56f0000 - 0x00007ffce5e35000 	C:\Windows\System32\SHELL32.dll
0x00007ffce1ec0000 - 0x00007ffce265b000 	C:\Windows\SYSTEM32\windows.storage.dll
0x00007ffce4ba0000 - 0x00007ffce4ef4000 	C:\Windows\System32\combase.dll
0x00007ffce3830000 - 0x00007ffce385d000 	C:\Windows\SYSTEM32\Wldp.dll
0x00007ffce55d0000 - 0x00007ffce567d000 	C:\Windows\System32\SHCORE.dll
0x00007ffce5380000 - 0x00007ffce53d5000 	C:\Windows\System32\shlwapi.dll
0x00007ffce3d30000 - 0x00007ffce3d55000 	C:\Windows\SYSTEM32\profapi.dll
0x00007ffcc1670000 - 0x00007ffcc1689000 	W:\Program Files\jdk-17.0.6\bin\net.dll
0x00007ffcddb80000 - 0x00007ffcddc8a000 	C:\Windows\SYSTEM32\WINHTTP.dll
0x00007ffce3590000 - 0x00007ffce35fa000 	C:\Windows\system32\mswsock.dll
0x00007ffcc1650000 - 0x00007ffcc1666000 	W:\Program Files\jdk-17.0.6\bin\nio.dll
0x00007ffcc1980000 - 0x00007ffcc1998000 	W:\Program Files\jdk-17.0.6\bin\zip.dll
0x00007ffce3230000 - 0x00007ffce326b000 	C:\Windows\SYSTEM32\IPHLPAPI.DLL
0x00007ffce6490000 - 0x00007ffce6498000 	C:\Windows\System32\NSI.dll
0x00007ffcddd90000 - 0x00007ffcddda7000 	C:\Windows\SYSTEM32\dhcpcsvc6.DLL
0x00007ffcde3d0000 - 0x00007ffcde3ed000 	C:\Windows\SYSTEM32\dhcpcsvc.DLL
0x00007ffce3270000 - 0x00007ffce333a000 	C:\Windows\SYSTEM32\DNSAPI.dll
0x00007ffcc9730000 - 0x00007ffcc973d000 	W:\Program Files\jdk-17.0.6\bin\sunmscapi.dll
0x00007ffce4620000 - 0x00007ffce477d000 	C:\Windows\System32\CRYPT32.dll
0x00007ffce38a0000 - 0x00007ffce38c8000 	C:\Windows\SYSTEM32\ncrypt.dll
0x00007ffce3860000 - 0x00007ffce389b000 	C:\Windows\SYSTEM32\NTASN1.dll
0x00007ffcc4fe0000 - 0x00007ffcc4fea000 	W:\Program Files\jdk-17.0.6\bin\management.dll
0x00007ffcc1720000 - 0x00007ffcc172b000 	W:\Program Files\jdk-17.0.6\bin\management_ext.dll
0x00007ffcd13e0000 - 0x00007ffcd13f0000 	W:\Program Files\jdk-17.0.6\bin\verify.dll

dbghelp: loaded successfully - version: 4.0.5 - missing functions: none
symbol engine: initialized successfully - sym options: 0x614 - pdb path: .;W:\Program Files\jdk-17.0.6\bin;C:\Windows\SYSTEM32;C:\Windows\WinSxS\amd64_microsoft.windows.common-controls_6595b64144ccf1df_6.0.19041.3636_none_60b6a03d71f818d5;W:\Program Files\jdk-17.0.6\bin\server

VM Arguments:
jvm_args: -ea -Dfile.encoding=UTF-8 -Dstdout.encoding=UTF-8 -Dstderr.encoding=UTF-8 -XX:+ShowCodeDetailsInExceptionMessages 
java_command: org.eclipse.jdt.internal.junit.runner.RemoteTestRunner -version 3 -port 2715 -testLoaderClass org.eclipse.jdt.internal.junit5.runner.JUnit5TestLoader -loaderpluginname org.eclipse.jdt.junit5.runtime -test org.jeskey.MapperTests:insert
java_class_path (initial): W:\eclipse_workspace\basic_board\bin\main;W:\eclipse_workspace\basic_board\bin\test;W:\eclipse_workspace\basic_board\bin\default;C:\Users\rnrmf\.gradle\caches\modules-2\files-2.1\org.projectlombok\lombok\1.18.30\f195ee86e6c896ea47a1d39defbe20eb59cd149d\lombok-1.18.30.jar;C:\Users\rnrmf\.gradle\caches\modules-2\files-2.1\org.springframework.boot\spring-boot-starter-thymeleaf\3.2.2\d1895c9a600547d53dddfff7c57ab7838df5d65\spring-boot-starter-thymeleaf-3.2.2.jar;C:\Users\rnrmf\.gradle\caches\modules-2\files-2.1\org.springframework.boot\spring-boot-starter-web\3.2.2\b89d213d9f49c3e6247b2503ac7d94b0ac8260f6\spring-boot-starter-web-3.2.2.jar;C:\Users\rnrmf\.gradle\caches\modules-2\files-2.1\org.mybatis.spring.boot\mybatis-spring-boot-starter\3.0.3\19528356bf8bad2be5f8bf796dfc30bcc4996054\mybatis-spring-boot-starter-3.0.3.jar;C:\Users\rnrmf\.gradle\caches\modules-2\files-2.1\nz.net.ultraq.thymeleaf\thymeleaf-layout-dialect\3.3.0\275da01788302e514c0549a4db5fa6b29ef84ba6\thymeleaf-layout-dialect-3.3.0.jar;C:\Users\rnrmf\.gradle\caches\modules-2\files-2.1\org.springframework.boot\spring-boot-starter-json\3.2.2\328f5ce9e10d5f90520e72a3ff8a2586b9e46b37\spring-boot-starter-json-3.2.2.jar;C:\Users\rnrmf\.gradle\caches\modules-2\files-2.1\org.springframework.boot\spring-boot-starter-jdbc\3.2.2\22ffda6938dca5f584c8b1b64e4e9096e8302c1e\spring-boot-starter-jdbc-3.2.2.jar;C:\Users\rnrmf\.gradle\caches\modules-2\files-2.1\org.springframework.boot\spring-boot-starter\3.2.2\dc04714f9295297f92fa8099eb51edc54dbe67db\spring-boot-starter-3.2.2.jar;C:\Users\rnrmf\.gradle\caches\modules-2\files-2.1\org.thymeleaf\thymeleaf-spring6\3.1.2.RELEASE\6030c7b4e260c41336f378e53da6e8531263f24b\thymeleaf-spring6-3.1.2.RELEASE.jar;C:\Users\rnrmf\.gradle\caches\modules-2\files-2.1\org.springframework.boot\spring-boot-starter-tomcat\3.2.2\e22a0ba37910731b382f3fe47ad36aed20fad24d\spring-boot-starter-tomcat-3.2.2.jar;C:\Users\rnrmf\.gradle\caches\modules-2\files-2.1\org.springframe
Launcher Type: SUN_STANDARD

[Global flags]
     intx CICompilerCount                          = 4                                         {product} {ergonomic}
     uint ConcGCThreads                            = 3                                         {product} {ergonomic}
     uint G1ConcRefinementThreads                  = 10                                        {product} {ergonomic}
   size_t G1HeapRegionSize                         = 1048576                                   {product} {ergonomic}
    uintx GCDrainStackTargetSize                   = 64                                        {product} {ergonomic}
   size_t InitialHeapSize                          = 134217728                                 {product} {ergonomic}
   size_t MarkStackSize                            = 4194304                                   {product} {ergonomic}
   size_t MaxHeapSize                              = 2134900736                                {product} {ergonomic}
   size_t MaxNewSize                               = 1280311296                                {product} {ergonomic}
   size_t MinHeapDeltaBytes                        = 1048576                                   {product} {ergonomic}
   size_t MinHeapSize                              = 8388608                                   {product} {ergonomic}
    uintx NonNMethodCodeHeapSize                   = 5839372                                {pd product} {ergonomic}
    uintx NonProfiledCodeHeapSize                  = 122909434                              {pd product} {ergonomic}
    uintx ProfiledCodeHeapSize                     = 122909434                              {pd product} {ergonomic}
    uintx ReservedCodeCacheSize                    = 251658240                              {pd product} {ergonomic}
     bool SegmentedCodeCache                       = true                                      {product} {ergonomic}
     bool ShowCodeDetailsInExceptionMessages       = true                                   {manageable} {command line}
   size_t SoftMaxHeapSize                          = 2134900736                             {manageable} {ergonomic}
     bool UseCompressedClassPointers               = true                           {product lp64_product} {ergonomic}
     bool UseCompressedOops                        = true                           {product lp64_product} {ergonomic}
     bool UseG1GC                                  = true                                      {product} {ergonomic}
     bool UseLargePagesIndividualAllocation        = false                                  {pd product} {ergonomic}

Logging:
Log output configuration:
 #0: stdout all=warning uptime,level,tags
 #1: stderr all=off uptime,level,tags

Environment Variables:
JAVA_HOME=W:\Program Files\jdk-17.0.6
CLASSPATH=W:\Program Files\jdk-17.0.6\lib
PATH=W:/eclipse//plugins/org.eclipse.justj.openjdk.hotspot.jre.full.win32.x86_64_17.0.10.v20240120-1143/jre/bin/server;W:/eclipse//plugins/org.eclipse.justj.openjdk.hotspot.jre.full.win32.x86_64_17.0.10.v20240120-1143/jre/bin;C:\Program Files\MySQL\MySQL Server 8.0\bin;W:\Program Files\jdk-17.0.6\bin;C:\Windows\system32;C:\Windows;C:\Windows\System32\Wbem;C:\Windows\System32\WindowsPowerShell\v1.0\;C:\Windows\System32\OpenSSH\;C:\Program Files\Git\cmd;C:\Users\rnrmf\AppData\Local\Microsoft\WindowsApps;;W:\eclipse;
USERNAME=rnrmf
OS=Windows_NT
PROCESSOR_IDENTIFIER=AMD64 Family 23 Model 1 Stepping 1, AuthenticAMD



---------------  S Y S T E M  ---------------

OS:
 Windows 10 , 64 bit Build 19041 (10.0.19041.3636)
OS uptime: 0 days 5:25 hours

CPU: total 12 (initial active 12) (12 cores per cpu, 2 threads per core) family 23 model 1 stepping 1 microcode 0x0, cx8, cmov, fxsr, ht, mmx, 3dnowpref, sse, sse2, sse3, ssse3, sse4a, sse4.1, sse4.2, popcnt, lzcnt, tsc, tscinvbit, avx, avx2, aes, clmul, bmi1, bmi2, adx, sha, fma, vzeroupper, clflush, clflushopt

Memory: 4k page, system-wide physical 8143M (504M free)
TotalPageFile size 16202M (AvailPageFile size 5M)
current process WorkingSet (physical memory assigned to process): 232M, peak: 235M
current process commit charge ("private bytes"): 285M, peak: 289M

vm_info: Java HotSpot(TM) 64-Bit Server VM (17.0.6+9-LTS-190) for windows-amd64 JRE (17.0.6+9-LTS-190), built on Dec  6 2022 15:53:54 by "mach5one" with MS VC++ 17.1 (VS2022)

END.
